<?xml version="1.0" encoding="UTF-8"?>
<!-- Generated by org.testng.reporters.JUnitReportReporter -->
<testsuite name="TestRunner.USARunner$MyTestRunner" tests="1" time="13.025" ignored="0" failures="0" timestamp="09 Jul 2019 03:50:31 GMT" skipped="0" hostname="DESKTOP-TFD09MH" errors="0">
  <testcase name="feature" time="13.025" classname="TestRunner.USARunner$MyTestRunner"/>
</testsuite> <!-- TestRunner.USARunner$MyTestRunner -->
